<?xml version="1.0" encoding="UTF-8"?>
<!-- Generated by org.testng.reporters.JUnitXMLReporter -->
<testsuite hostname="INDSBLR8SGSJC2" ignored="0" name="Default test" tests="3" failures="0" timestamp="23 Feb 2020 13:48:48 GMT" time="12.514" errors="0">
  <testcase name="acceptanceCriteria1" time="1.419" classname="RestAPITest.AssurityTestAPI"/>
  <testcase name="acceptanceCriteria2" time="0.047" classname="RestAPITest.AssurityTestAPI"/>
  <testcase name="acceptanceCriteria3" time="0.578" classname="RestAPITest.AssurityTestAPI"/>
</testsuite> <!-- Default test -->
